[22:58:48] [main/INFO]: Setting user: Player338
[22:58:49] [Client thread/INFO]: LWJGL Version: 2.9.1
[22:58:55] [Client thread/INFO]: Reloading ResourceManager: Default, FMLFileResourcePack:Forge Mod Loader, FMLFileResourcePack:Minecraft Forge, FMLFileResourcePack:Metallurgy 4 Armory, FMLFileResourcePack:Metallurgy Core, FMLFileResourcePack:Metallurgy 4
[22:58:56] [Sound Library Loader/INFO]: Sound engine started
[22:58:58] [Client thread/INFO]: Created: 512x512 textures/blocks-atlas
[22:58:58] [Client thread/INFO]: Created: 512x512 textures/items-atlas
[22:58:58] [Client thread/INFO]: Reloading ResourceManager: Default, FMLFileResourcePack:Forge Mod Loader, FMLFileResourcePack:Minecraft Forge, FMLFileResourcePack:Metallurgy 4 Armory, FMLFileResourcePack:Metallurgy Core, FMLFileResourcePack:Metallurgy 4
[22:58:59] [Client thread/INFO]: Created: 512x512 textures/blocks-atlas
[22:58:59] [Client thread/INFO]: Created: 512x512 textures/items-atlas
[22:59:00] [Sound Library Loader/INFO]: Sound engine started
[22:59:58] [Server thread/INFO]: Starting integrated minecraft server version 1.7.10
[22:59:58] [Server thread/INFO]: Generating keypair
[22:59:59] [Server thread/INFO]: Preparing start region for level 0
[22:59:59] [Server thread/INFO]: Changing view distance to 12, from 10
[23:00:00] [Server thread/INFO]: Player338[local:E:6aa20cf9] logged in with entity id 11 at (-26.692197946139757, 56.0, -289.93629820557504)
[23:00:00] [Server thread/INFO]: Player338 joined the game
[23:00:01] [Server thread/INFO]: Player338 has just earned the achievement [Taking Inventory]
[23:00:01] [Client thread/INFO]: [CHAT] Player338 has just earned the achievement [Taking Inventory]
[23:00:09] [Client thread/INFO]: [CHAT] m4armory:CopperSpear, m4armory:CopperBow, m4armory:CopperScythe
[23:00:10] [Client thread/INFO]: [CHAT] m4armory:CopperSpear, m4armory:CopperBow, m4armory:CopperScythe
[23:00:11] [Server thread/INFO]: [Player338: Given [Copper Bow] * 1 to Player338]
[23:00:11] [Client thread/INFO]: [CHAT] Given [Copper Bow] * 1 to Player338
[23:00:14] [Client thread/INFO]: [CHAT] m4armory:CopperSpear, m4armory:CopperBow, m4armory:CopperScythe
[23:00:15] [Client thread/INFO]: [CHAT] m4armory:CopperSpear, m4armory:CopperBow, m4armory:CopperScythe
[23:00:15] [Client thread/INFO]: [CHAT] m4armory:CopperSpear, m4armory:CopperBow, m4armory:CopperScythe
[23:00:16] [Server thread/INFO]: [Player338: Given [item.m4armory:m4armory:CopperScythe.name] * 1 to Player338]
[23:00:16] [Client thread/INFO]: [CHAT] Given [item.m4armory:m4armory:CopperScythe.name] * 1 to Player338
